{"/home/rino/Documents/hacktiv/p3/week4/eduica/server/app.js": {"path":"/home/rino/Documents/hacktiv/p3/week4/eduica/server/app.js","statementMap":{"0":{"start":{"line":1,"column":0},"end":{"line":1,"column":26}},"1":{"start":{"line":2,"column":16},"end":{"line":2,"column":34}},"2":{"start":{"line":3,"column":12},"end":{"line":3,"column":21}},"3":{"start":{"line":4,"column":13},"end":{"line":4,"column":28}},"4":{"start":{"line":5,"column":13},"end":{"line":5,"column":37}},"5":{"start":{"line":6,"column":15},"end":{"line":6,"column":40}},"6":{"start":{"line":7,"column":21},"end":{"line":7,"column":57}},"7":{"start":{"line":9,"column":0},"end":{"line":9,"column":16}},"8":{"start":{"line":10,"column":0},"end":{"line":10,"column":49}},"9":{"start":{"line":11,"column":0},"end":{"line":11,"column":24}},"10":{"start":{"line":12,"column":0},"end":{"line":12,"column":16}},"11":{"start":{"line":13,"column":0},"end":{"line":13,"column":21}},"12":{"start":{"line":19,"column":0},"end":{"line":19,"column":20}}},"fnMap":{},"branchMap":{"0":{"loc":{"start":{"line":5,"column":13},"end":{"line":5,"column":37}},"type":"binary-expr","locations":[{"start":{"line":5,"column":13},"end":{"line":5,"column":29}},{"start":{"line":5,"column":33},"end":{"line":5,"column":37}}],"line":5}},"s":{"0":3,"1":3,"2":3,"3":3,"4":3,"5":3,"6":3,"7":3,"8":3,"9":3,"10":3,"11":3,"12":3},"f":{},"b":{"0":[3,3]},"_coverageSchema":"1a1c01bbd47fc00a2c39e90264f33305004495a9","hash":"6ed0597ad5082b06406f11fb4ef633c10126f464"}
,"/home/rino/Documents/hacktiv/p3/week4/eduica/server/controllers/studentController.js": {"path":"/home/rino/Documents/hacktiv/p3/week4/eduica/server/controllers/studentController.js","statementMap":{"0":{"start":{"line":1,"column":19},"end":{"line":1,"column":45}},"1":{"start":{"line":2,"column":15},"end":{"line":2,"column":32}},"2":{"start":{"line":3,"column":36},"end":{"line":3,"column":61}},"3":{"start":{"line":7,"column":73},"end":{"line":7,"column":81}},"4":{"start":{"line":8,"column":8},"end":{"line":22,"column":10}},"5":{"start":{"line":18,"column":12},"end":{"line":18,"column":41}},"6":{"start":{"line":21,"column":12},"end":{"line":21,"column":22}},"7":{"start":{"line":26,"column":33},"end":{"line":26,"column":41}},"8":{"start":{"line":27,"column":8},"end":{"line":47,"column":10}},"9":{"start":{"line":33,"column":12},"end":{"line":35,"column":13}},"10":{"start":{"line":34,"column":16},"end":{"line":34,"column":77}},"11":{"start":{"line":36,"column":28},"end":{"line":39,"column":13}},"12":{"start":{"line":40,"column":12},"end":{"line":46,"column":13}},"13":{"start":{"line":41,"column":30},"end":{"line":41,"column":52}},"14":{"start":{"line":42,"column":16},"end":{"line":42,"column":45}},"15":{"start":{"line":44,"column":16},"end":{"line":44,"column":77}},"16":{"start":{"line":51,"column":0},"end":{"line":51,"column":34}}},"fnMap":{"0":{"name":"(anonymous_0)","decl":{"start":{"line":6,"column":4},"end":{"line":6,"column":5}},"loc":{"start":{"line":6,"column":34},"end":{"line":23,"column":5}},"line":6},"1":{"name":"(anonymous_1)","decl":{"start":{"line":17,"column":14},"end":{"line":17,"column":15}},"loc":{"start":{"line":17,"column":23},"end":{"line":19,"column":9}},"line":17},"2":{"name":"(anonymous_2)","decl":{"start":{"line":20,"column":15},"end":{"line":20,"column":16}},"loc":{"start":{"line":20,"column":20},"end":{"line":22,"column":9}},"line":20},"3":{"name":"(anonymous_3)","decl":{"start":{"line":25,"column":4},"end":{"line":25,"column":5}},"loc":{"start":{"line":25,"column":25},"end":{"line":48,"column":5}},"line":25},"4":{"name":"(anonymous_4)","decl":{"start":{"line":32,"column":14},"end":{"line":32,"column":15}},"loc":{"start":{"line":32,"column":23},"end":{"line":47,"column":9}},"line":32}},"branchMap":{"0":{"loc":{"start":{"line":33,"column":12},"end":{"line":35,"column":13}},"type":"if","locations":[{"start":{"line":33,"column":12},"end":{"line":35,"column":13}},{"start":{"line":33,"column":12},"end":{"line":35,"column":13}}],"line":33},"1":{"loc":{"start":{"line":40,"column":12},"end":{"line":46,"column":13}},"type":"if","locations":[{"start":{"line":40,"column":12},"end":{"line":46,"column":13}},{"start":{"line":40,"column":12},"end":{"line":46,"column":13}}],"line":40}},"s":{"0":3,"1":3,"2":3,"3":7,"4":7,"5":1,"6":6,"7":3,"8":3,"9":3,"10":1,"11":3,"12":2,"13":1,"14":1,"15":1,"16":3},"f":{"0":7,"1":1,"2":6,"3":3,"4":3},"b":{"0":[1,2],"1":[1,1]},"_coverageSchema":"1a1c01bbd47fc00a2c39e90264f33305004495a9","hash":"0c4cbe1d10e3c12e068f14ed05be091b07393d9a"}
,"/home/rino/Documents/hacktiv/p3/week4/eduica/server/controllers/teacherController.js": {"path":"/home/rino/Documents/hacktiv/p3/week4/eduica/server/controllers/teacherController.js","statementMap":{"0":{"start":{"line":1,"column":19},"end":{"line":1,"column":40}},"1":{"start":{"line":2,"column":15},"end":{"line":2,"column":32}},"2":{"start":{"line":3,"column":36},"end":{"line":3,"column":61}},"3":{"start":{"line":7,"column":56},"end":{"line":7,"column":64}},"4":{"start":{"line":8,"column":8},"end":{"line":20,"column":10}},"5":{"start":{"line":16,"column":12},"end":{"line":16,"column":41}},"6":{"start":{"line":19,"column":12},"end":{"line":19,"column":22}},"7":{"start":{"line":24,"column":33},"end":{"line":24,"column":41}},"8":{"start":{"line":25,"column":8},"end":{"line":45,"column":10}},"9":{"start":{"line":31,"column":12},"end":{"line":33,"column":13}},"10":{"start":{"line":32,"column":16},"end":{"line":32,"column":77}},"11":{"start":{"line":34,"column":28},"end":{"line":37,"column":13}},"12":{"start":{"line":38,"column":12},"end":{"line":44,"column":13}},"13":{"start":{"line":39,"column":30},"end":{"line":39,"column":52}},"14":{"start":{"line":40,"column":16},"end":{"line":40,"column":45}},"15":{"start":{"line":42,"column":16},"end":{"line":42,"column":77}},"16":{"start":{"line":49,"column":8},"end":{"line":66,"column":10}},"17":{"start":{"line":51,"column":31},"end":{"line":51,"column":33}},"18":{"start":{"line":52,"column":12},"end":{"line":61,"column":15}},"19":{"start":{"line":53,"column":61},"end":{"line":53,"column":68}},"20":{"start":{"line":54,"column":16},"end":{"line":60,"column":18}},"21":{"start":{"line":62,"column":12},"end":{"line":62,"column":46}},"22":{"start":{"line":65,"column":12},"end":{"line":65,"column":21}},"23":{"start":{"line":70,"column":0},"end":{"line":70,"column":34}}},"fnMap":{"0":{"name":"(anonymous_0)","decl":{"start":{"line":6,"column":4},"end":{"line":6,"column":5}},"loc":{"start":{"line":6,"column":34},"end":{"line":21,"column":5}},"line":6},"1":{"name":"(anonymous_1)","decl":{"start":{"line":15,"column":14},"end":{"line":15,"column":15}},"loc":{"start":{"line":15,"column":23},"end":{"line":17,"column":9}},"line":15},"2":{"name":"(anonymous_2)","decl":{"start":{"line":18,"column":15},"end":{"line":18,"column":16}},"loc":{"start":{"line":18,"column":20},"end":{"line":20,"column":9}},"line":18},"3":{"name":"(anonymous_3)","decl":{"start":{"line":23,"column":4},"end":{"line":23,"column":5}},"loc":{"start":{"line":23,"column":26},"end":{"line":46,"column":5}},"line":23},"4":{"name":"(anonymous_4)","decl":{"start":{"line":30,"column":14},"end":{"line":30,"column":15}},"loc":{"start":{"line":30,"column":23},"end":{"line":45,"column":9}},"line":30},"5":{"name":"(anonymous_5)","decl":{"start":{"line":48,"column":4},"end":{"line":48,"column":5}},"loc":{"start":{"line":48,"column":34},"end":{"line":67,"column":5}},"line":48},"6":{"name":"(anonymous_6)","decl":{"start":{"line":50,"column":14},"end":{"line":50,"column":15}},"loc":{"start":{"line":50,"column":26},"end":{"line":63,"column":9}},"line":50},"7":{"name":"(anonymous_7)","decl":{"start":{"line":52,"column":29},"end":{"line":52,"column":30}},"loc":{"start":{"line":52,"column":40},"end":{"line":61,"column":13}},"line":52},"8":{"name":"(anonymous_8)","decl":{"start":{"line":64,"column":15},"end":{"line":64,"column":16}},"loc":{"start":{"line":64,"column":22},"end":{"line":66,"column":9}},"line":64}},"branchMap":{"0":{"loc":{"start":{"line":31,"column":12},"end":{"line":33,"column":13}},"type":"if","locations":[{"start":{"line":31,"column":12},"end":{"line":33,"column":13}},{"start":{"line":31,"column":12},"end":{"line":33,"column":13}}],"line":31},"1":{"loc":{"start":{"line":38,"column":12},"end":{"line":44,"column":13}},"type":"if","locations":[{"start":{"line":38,"column":12},"end":{"line":44,"column":13}},{"start":{"line":38,"column":12},"end":{"line":44,"column":13}}],"line":38}},"s":{"0":3,"1":3,"2":3,"3":6,"4":6,"5":1,"6":5,"7":3,"8":3,"9":3,"10":1,"11":3,"12":2,"13":1,"14":1,"15":1,"16":1,"17":1,"18":1,"19":1,"20":1,"21":1,"22":0,"23":3},"f":{"0":6,"1":1,"2":5,"3":3,"4":3,"5":1,"6":1,"7":1,"8":0},"b":{"0":[1,2],"1":[1,1]},"_coverageSchema":"1a1c01bbd47fc00a2c39e90264f33305004495a9","hash":"33475813441b74e8bd7b197a922e16573f65094d"}
,"/home/rino/Documents/hacktiv/p3/week4/eduica/server/controllers/transactionController.js": {"path":"/home/rino/Documents/hacktiv/p3/week4/eduica/server/controllers/transactionController.js","statementMap":{"0":{"start":{"line":1,"column":22},"end":{"line":1,"column":42}},"1":{"start":{"line":2,"column":23},"end":{"line":2,"column":49}},"2":{"start":{"line":4,"column":14},"end":{"line":8,"column":6}},"3":{"start":{"line":13,"column":50},"end":{"line":13,"column":58}},"4":{"start":{"line":15,"column":8},"end":{"line":27,"column":10}},"5":{"start":{"line":23,"column":12},"end":{"line":23,"column":45}},"6":{"start":{"line":26,"column":12},"end":{"line":26,"column":21}},"7":{"start":{"line":66,"column":39},"end":{"line":66,"column":47}},"8":{"start":{"line":67,"column":8},"end":{"line":81,"column":9}},"9":{"start":{"line":68,"column":12},"end":{"line":80,"column":14}},"10":{"start":{"line":76,"column":16},"end":{"line":76,"column":65}},"11":{"start":{"line":79,"column":16},"end":{"line":79,"column":25}},"12":{"start":{"line":85,"column":0},"end":{"line":85,"column":36}}},"fnMap":{"0":{"name":"(anonymous_0)","decl":{"start":{"line":12,"column":4},"end":{"line":12,"column":5}},"loc":{"start":{"line":12,"column":31},"end":{"line":28,"column":5}},"line":12},"1":{"name":"(anonymous_1)","decl":{"start":{"line":22,"column":14},"end":{"line":22,"column":15}},"loc":{"start":{"line":22,"column":29},"end":{"line":24,"column":9}},"line":22},"2":{"name":"(anonymous_2)","decl":{"start":{"line":25,"column":15},"end":{"line":25,"column":16}},"loc":{"start":{"line":25,"column":20},"end":{"line":27,"column":9}},"line":25},"3":{"name":"(anonymous_3)","decl":{"start":{"line":65,"column":4},"end":{"line":65,"column":5}},"loc":{"start":{"line":65,"column":42},"end":{"line":82,"column":5}},"line":65},"4":{"name":"(anonymous_4)","decl":{"start":{"line":75,"column":18},"end":{"line":75,"column":19}},"loc":{"start":{"line":75,"column":25},"end":{"line":77,"column":13}},"line":75},"5":{"name":"(anonymous_5)","decl":{"start":{"line":78,"column":19},"end":{"line":78,"column":20}},"loc":{"start":{"line":78,"column":24},"end":{"line":80,"column":13}},"line":78}},"branchMap":{"0":{"loc":{"start":{"line":67,"column":8},"end":{"line":81,"column":9}},"type":"if","locations":[{"start":{"line":67,"column":8},"end":{"line":81,"column":9}},{"start":{"line":67,"column":8},"end":{"line":81,"column":9}}],"line":67}},"s":{"0":3,"1":3,"2":3,"3":1,"4":1,"5":1,"6":0,"7":1,"8":1,"9":1,"10":1,"11":0,"12":3},"f":{"0":1,"1":1,"2":0,"3":1,"4":1,"5":0},"b":{"0":[1,0]},"_coverageSchema":"1a1c01bbd47fc00a2c39e90264f33305004495a9","hash":"a084d3d16236ea5f0e2c67b60014b51037b9fc69"}
,"/home/rino/Documents/hacktiv/p3/week4/eduica/server/helpers/jwt.js": {"path":"/home/rino/Documents/hacktiv/p3/week4/eduica/server/helpers/jwt.js","statementMap":{"0":{"start":{"line":1,"column":12},"end":{"line":1,"column":35}},"1":{"start":{"line":2,"column":16},"end":{"line":2,"column":24}},"2":{"start":{"line":5,"column":4},"end":{"line":5,"column":39}},"3":{"start":{"line":9,"column":4},"end":{"line":9,"column":39}},"4":{"start":{"line":12,"column":0},"end":{"line":15,"column":1}}},"fnMap":{"0":{"name":"generateToken","decl":{"start":{"line":4,"column":9},"end":{"line":4,"column":22}},"loc":{"start":{"line":4,"column":32},"end":{"line":6,"column":1}},"line":4},"1":{"name":"verifyToken","decl":{"start":{"line":8,"column":9},"end":{"line":8,"column":20}},"loc":{"start":{"line":8,"column":28},"end":{"line":10,"column":1}},"line":8}},"branchMap":{},"s":{"0":3,"1":3,"2":5,"3":3,"4":3},"f":{"0":5,"1":3},"b":{},"_coverageSchema":"1a1c01bbd47fc00a2c39e90264f33305004495a9","hash":"55372bba360669a0b45943b9f53cf83b41e858ac"}
,"/home/rino/Documents/hacktiv/p3/week4/eduica/server/middleware/authentication.js": {"path":"/home/rino/Documents/hacktiv/p3/week4/eduica/server/middleware/authentication.js","statementMap":{"0":{"start":{"line":1,"column":24},"end":{"line":1,"column":49}},"1":{"start":{"line":2,"column":16},"end":{"line":2,"column":26}},"2":{"start":{"line":5,"column":18},"end":{"line":5,"column":29}},"3":{"start":{"line":6,"column":4},"end":{"line":8,"column":5}},"4":{"start":{"line":7,"column":8},"end":{"line":7,"column":58}},"5":{"start":{"line":9,"column":4},"end":{"line":15,"column":5}},"6":{"start":{"line":10,"column":22},"end":{"line":10,"column":40}},"7":{"start":{"line":11,"column":8},"end":{"line":11,"column":27}},"8":{"start":{"line":12,"column":8},"end":{"line":12,"column":14}},"9":{"start":{"line":14,"column":8},"end":{"line":14,"column":60}},"10":{"start":{"line":20,"column":0},"end":{"line":20,"column":29}}},"fnMap":{"0":{"name":"authentication","decl":{"start":{"line":4,"column":9},"end":{"line":4,"column":23}},"loc":{"start":{"line":4,"column":37},"end":{"line":18,"column":1}},"line":4}},"branchMap":{"0":{"loc":{"start":{"line":6,"column":4},"end":{"line":8,"column":5}},"type":"if","locations":[{"start":{"line":6,"column":4},"end":{"line":8,"column":5}},{"start":{"line":6,"column":4},"end":{"line":8,"column":5}}],"line":6},"1":{"loc":{"start":{"line":9,"column":4},"end":{"line":15,"column":5}},"type":"if","locations":[{"start":{"line":9,"column":4},"end":{"line":15,"column":5}},{"start":{"line":9,"column":4},"end":{"line":15,"column":5}}],"line":9}},"s":{"0":3,"1":3,"2":6,"3":6,"4":3,"5":6,"6":3,"7":3,"8":3,"9":3,"10":3},"f":{"0":6},"b":{"0":[3,3],"1":[3,3]},"_coverageSchema":"1a1c01bbd47fc00a2c39e90264f33305004495a9","hash":"3db5d96a9284151fbd57b5764a9c761cce1959b7"}
,"/home/rino/Documents/hacktiv/p3/week4/eduica/server/middleware/errorHandler.js": {"path":"/home/rino/Documents/hacktiv/p3/week4/eduica/server/middleware/errorHandler.js","statementMap":{"0":{"start":{"line":1,"column":0},"end":{"line":17,"column":1}},"1":{"start":{"line":2,"column":19},"end":{"line":2,"column":22}},"2":{"start":{"line":3,"column":16},"end":{"line":3,"column":40}},"3":{"start":{"line":4,"column":2},"end":{"line":14,"column":5}},"4":{"start":{"line":6,"column":6},"end":{"line":6,"column":22}},"5":{"start":{"line":7,"column":6},"end":{"line":7,"column":37}},"6":{"start":{"line":8,"column":6},"end":{"line":8,"column":12}},"7":{"start":{"line":13,"column":16},"end":{"line":13,"column":60}},"8":{"start":{"line":15,"column":2},"end":{"line":15,"column":40}}},"fnMap":{"0":{"name":"(anonymous_0)","decl":{"start":{"line":1,"column":17},"end":{"line":1,"column":18}},"loc":{"start":{"line":1,"column":46},"end":{"line":17,"column":1}},"line":1}},"branchMap":{"0":{"loc":{"start":{"line":4,"column":2},"end":{"line":14,"column":5}},"type":"switch","locations":[{"start":{"line":5,"column":4},"end":{"line":8,"column":12}},{"start":{"line":13,"column":6},"end":{"line":13,"column":60}}],"line":4},"1":{"loc":{"start":{"line":13,"column":16},"end":{"line":13,"column":60}},"type":"binary-expr","locations":[{"start":{"line":13,"column":16},"end":{"line":13,"column":34}},{"start":{"line":13,"column":38},"end":{"line":13,"column":60}}],"line":13}},"s":{"0":3,"1":14,"2":14,"3":14,"4":11,"5":11,"6":11,"7":3,"8":14},"f":{"0":14},"b":{"0":[11,3],"1":[3,3]},"_coverageSchema":"1a1c01bbd47fc00a2c39e90264f33305004495a9","hash":"dda22fc91285656c1343e11c67d1f4547d0576c0"}
,"/home/rino/Documents/hacktiv/p3/week4/eduica/server/models/index.js": {"path":"/home/rino/Documents/hacktiv/p3/week4/eduica/server/models/index.js","statementMap":{"0":{"start":{"line":3,"column":11},"end":{"line":3,"column":24}},"1":{"start":{"line":4,"column":13},"end":{"line":4,"column":28}},"2":{"start":{"line":5,"column":18},"end":{"line":5,"column":38}},"3":{"start":{"line":6,"column":17},"end":{"line":6,"column":42}},"4":{"start":{"line":7,"column":12},"end":{"line":7,"column":49}},"5":{"start":{"line":8,"column":15},"end":{"line":8,"column":65}},"6":{"start":{"line":9,"column":11},"end":{"line":9,"column":13}},"7":{"start":{"line":12,"column":0},"end":{"line":16,"column":1}},"8":{"start":{"line":13,"column":2},"end":{"line":13,"column":74}},"9":{"start":{"line":15,"column":2},"end":{"line":15,"column":87}},"10":{"start":{"line":18,"column":0},"end":{"line":26,"column":5}},"11":{"start":{"line":21,"column":4},"end":{"line":21,"column":90}},"12":{"start":{"line":24,"column":18},"end":{"line":24,"column":65}},"13":{"start":{"line":25,"column":4},"end":{"line":25,"column":27}},"14":{"start":{"line":28,"column":0},"end":{"line":32,"column":3}},"15":{"start":{"line":29,"column":2},"end":{"line":31,"column":3}},"16":{"start":{"line":30,"column":4},"end":{"line":30,"column":32}},"17":{"start":{"line":34,"column":0},"end":{"line":34,"column":25}},"18":{"start":{"line":35,"column":0},"end":{"line":35,"column":25}},"19":{"start":{"line":37,"column":0},"end":{"line":37,"column":20}}},"fnMap":{"0":{"name":"(anonymous_0)","decl":{"start":{"line":20,"column":10},"end":{"line":20,"column":11}},"loc":{"start":{"line":20,"column":18},"end":{"line":22,"column":3}},"line":20},"1":{"name":"(anonymous_1)","decl":{"start":{"line":23,"column":11},"end":{"line":23,"column":12}},"loc":{"start":{"line":23,"column":19},"end":{"line":26,"column":3}},"line":23},"2":{"name":"(anonymous_2)","decl":{"start":{"line":28,"column":24},"end":{"line":28,"column":25}},"loc":{"start":{"line":28,"column":37},"end":{"line":32,"column":1}},"line":28}},"branchMap":{"0":{"loc":{"start":{"line":7,"column":12},"end":{"line":7,"column":49}},"type":"binary-expr","locations":[{"start":{"line":7,"column":12},"end":{"line":7,"column":32}},{"start":{"line":7,"column":36},"end":{"line":7,"column":49}}],"line":7},"1":{"loc":{"start":{"line":12,"column":0},"end":{"line":16,"column":1}},"type":"if","locations":[{"start":{"line":12,"column":0},"end":{"line":16,"column":1}},{"start":{"line":12,"column":0},"end":{"line":16,"column":1}}],"line":12},"2":{"loc":{"start":{"line":21,"column":11},"end":{"line":21,"column":89}},"type":"binary-expr","locations":[{"start":{"line":21,"column":12},"end":{"line":21,"column":35}},{"start":{"line":21,"column":41},"end":{"line":21,"column":58}},{"start":{"line":21,"column":64},"end":{"line":21,"column":88}}],"line":21},"3":{"loc":{"start":{"line":29,"column":2},"end":{"line":31,"column":3}},"type":"if","locations":[{"start":{"line":29,"column":2},"end":{"line":31,"column":3}},{"start":{"line":29,"column":2},"end":{"line":31,"column":3}}],"line":29}},"s":{"0":3,"1":3,"2":3,"3":3,"4":3,"5":3,"6":3,"7":3,"8":0,"9":3,"10":3,"11":12,"12":9,"13":9,"14":3,"15":9,"16":9,"17":3,"18":3,"19":3},"f":{"0":12,"1":9,"2":9},"b":{"0":[3,0],"1":[0,3],"2":[12,12,9],"3":[9,0]},"_coverageSchema":"1a1c01bbd47fc00a2c39e90264f33305004495a9","hash":"7f293e01208b7f4c2bbd1f79f4ba003992d05711"}
,"/home/rino/Documents/hacktiv/p3/week4/eduica/server/models/student.js": {"path":"/home/rino/Documents/hacktiv/p3/week4/eduica/server/models/student.js","statementMap":{"0":{"start":{"line":3,"column":15},"end":{"line":3,"column":32}},"1":{"start":{"line":4,"column":19},"end":{"line":4,"column":21}},"2":{"start":{"line":6,"column":0},"end":{"line":91,"column":2}},"3":{"start":{"line":8,"column":18},"end":{"line":8,"column":37}},"4":{"start":{"line":9,"column":14},"end":{"line":9,"column":29}},"5":{"start":{"line":13,"column":2},"end":{"line":77,"column":18}},"6":{"start":{"line":79,"column":2},"end":{"line":82,"column":4}},"7":{"start":{"line":81,"column":4},"end":{"line":81,"column":68}},"8":{"start":{"line":84,"column":2},"end":{"line":87,"column":4}},"9":{"start":{"line":85,"column":15},"end":{"line":85,"column":60}},"10":{"start":{"line":86,"column":4},"end":{"line":86,"column":26}},"11":{"start":{"line":90,"column":2},"end":{"line":90,"column":17}}},"fnMap":{"0":{"name":"(anonymous_0)","decl":{"start":{"line":6,"column":17},"end":{"line":6,"column":18}},"loc":{"start":{"line":6,"column":43},"end":{"line":91,"column":1}},"line":6},"1":{"name":"(anonymous_1)","decl":{"start":{"line":79,"column":22},"end":{"line":79,"column":23}},"loc":{"start":{"line":79,"column":39},"end":{"line":82,"column":3}},"line":79},"2":{"name":"(anonymous_2)","decl":{"start":{"line":84,"column":23},"end":{"line":84,"column":24}},"loc":{"start":{"line":84,"column":43},"end":{"line":87,"column":3}},"line":84}},"branchMap":{},"s":{"0":3,"1":3,"2":3,"3":3,"4":3,"5":3,"6":3,"7":3,"8":3,"9":5,"10":5,"11":3},"f":{"0":3,"1":3,"2":5},"b":{},"_coverageSchema":"1a1c01bbd47fc00a2c39e90264f33305004495a9","hash":"86ad879dd6b8a92d2c8facf83be27d7e5387a2bb"}
,"/home/rino/Documents/hacktiv/p3/week4/eduica/server/models/teacher.js": {"path":"/home/rino/Documents/hacktiv/p3/week4/eduica/server/models/teacher.js","statementMap":{"0":{"start":{"line":3,"column":15},"end":{"line":3,"column":32}},"1":{"start":{"line":4,"column":19},"end":{"line":4,"column":21}},"2":{"start":{"line":6,"column":0},"end":{"line":73,"column":2}},"3":{"start":{"line":8,"column":18},"end":{"line":8,"column":37}},"4":{"start":{"line":9,"column":14},"end":{"line":9,"column":29}},"5":{"start":{"line":13,"column":2},"end":{"line":59,"column":18}},"6":{"start":{"line":62,"column":2},"end":{"line":65,"column":4}},"7":{"start":{"line":64,"column":4},"end":{"line":64,"column":68}},"8":{"start":{"line":67,"column":2},"end":{"line":70,"column":4}},"9":{"start":{"line":68,"column":15},"end":{"line":68,"column":60}},"10":{"start":{"line":69,"column":4},"end":{"line":69,"column":26}},"11":{"start":{"line":72,"column":2},"end":{"line":72,"column":17}}},"fnMap":{"0":{"name":"(anonymous_0)","decl":{"start":{"line":6,"column":17},"end":{"line":6,"column":18}},"loc":{"start":{"line":6,"column":43},"end":{"line":73,"column":1}},"line":6},"1":{"name":"(anonymous_1)","decl":{"start":{"line":62,"column":22},"end":{"line":62,"column":23}},"loc":{"start":{"line":62,"column":39},"end":{"line":65,"column":3}},"line":62},"2":{"name":"(anonymous_2)","decl":{"start":{"line":67,"column":23},"end":{"line":67,"column":24}},"loc":{"start":{"line":67,"column":43},"end":{"line":70,"column":3}},"line":67}},"branchMap":{},"s":{"0":3,"1":3,"2":3,"3":3,"4":3,"5":3,"6":3,"7":3,"8":3,"9":4,"10":4,"11":3},"f":{"0":3,"1":3,"2":4},"b":{},"_coverageSchema":"1a1c01bbd47fc00a2c39e90264f33305004495a9","hash":"e58b0c1152f50615a5187e09b330ee885d2f9e5d"}
,"/home/rino/Documents/hacktiv/p3/week4/eduica/server/models/transaction.js": {"path":"/home/rino/Documents/hacktiv/p3/week4/eduica/server/models/transaction.js","statementMap":{"0":{"start":{"line":4,"column":4},"end":{"line":4,"column":24}},"1":{"start":{"line":5,"column":0},"end":{"line":28,"column":2}},"2":{"start":{"line":16,"column":2},"end":{"line":26,"column":5}},"3":{"start":{"line":27,"column":2},"end":{"line":27,"column":21}}},"fnMap":{"0":{"name":"(anonymous_0)","decl":{"start":{"line":5,"column":17},"end":{"line":5,"column":18}},"loc":{"start":{"line":5,"column":43},"end":{"line":28,"column":1}},"line":5},"1":{"name":"(anonymous_1)","decl":{"start":{"line":12,"column":4},"end":{"line":12,"column":5}},"loc":{"start":{"line":12,"column":29},"end":{"line":14,"column":5}},"line":12}},"branchMap":{},"s":{"0":3,"1":3,"2":3,"3":3},"f":{"0":3,"1":3},"b":{},"_coverageSchema":"1a1c01bbd47fc00a2c39e90264f33305004495a9","hash":"dda60569ec35591712a8a4157d43ba49c8c63b12"}
,"/home/rino/Documents/hacktiv/p3/week4/eduica/server/routes/index.js": {"path":"/home/rino/Documents/hacktiv/p3/week4/eduica/server/routes/index.js","statementMap":{"0":{"start":{"line":1,"column":13},"end":{"line":1,"column":40}},"1":{"start":{"line":2,"column":21},"end":{"line":2,"column":41}},"2":{"start":{"line":3,"column":21},"end":{"line":3,"column":41}},"3":{"start":{"line":4,"column":25},"end":{"line":4,"column":49}},"4":{"start":{"line":6,"column":0},"end":{"line":6,"column":35}},"5":{"start":{"line":7,"column":0},"end":{"line":7,"column":35}},"6":{"start":{"line":8,"column":0},"end":{"line":8,"column":43}},"7":{"start":{"line":10,"column":0},"end":{"line":10,"column":23}}},"fnMap":{},"branchMap":{},"s":{"0":3,"1":3,"2":3,"3":3,"4":3,"5":3,"6":3,"7":3},"f":{},"b":{},"_coverageSchema":"1a1c01bbd47fc00a2c39e90264f33305004495a9","hash":"51df37348070de9671e498d3eb6108228cb44daa"}
,"/home/rino/Documents/hacktiv/p3/week4/eduica/server/routes/student.js": {"path":"/home/rino/Documents/hacktiv/p3/week4/eduica/server/routes/student.js","statementMap":{"0":{"start":{"line":1,"column":13},"end":{"line":1,"column":40}},"1":{"start":{"line":2,"column":26},"end":{"line":2,"column":69}},"2":{"start":{"line":3,"column":23},"end":{"line":3,"column":62}},"3":{"start":{"line":5,"column":0},"end":{"line":5,"column":51}},"4":{"start":{"line":6,"column":0},"end":{"line":6,"column":45}},"5":{"start":{"line":9,"column":0},"end":{"line":9,"column":21}}},"fnMap":{},"branchMap":{},"s":{"0":3,"1":3,"2":3,"3":3,"4":3,"5":3},"f":{},"b":{},"_coverageSchema":"1a1c01bbd47fc00a2c39e90264f33305004495a9","hash":"a20acff8c80a4a54b75b0349db0f140b2459440f"}
,"/home/rino/Documents/hacktiv/p3/week4/eduica/server/routes/teacher.js": {"path":"/home/rino/Documents/hacktiv/p3/week4/eduica/server/routes/teacher.js","statementMap":{"0":{"start":{"line":1,"column":13},"end":{"line":1,"column":40}},"1":{"start":{"line":2,"column":26},"end":{"line":2,"column":69}},"2":{"start":{"line":3,"column":23},"end":{"line":3,"column":62}},"3":{"start":{"line":5,"column":0},"end":{"line":5,"column":51}},"4":{"start":{"line":6,"column":0},"end":{"line":6,"column":45}},"5":{"start":{"line":7,"column":0},"end":{"line":7,"column":26}},"6":{"start":{"line":8,"column":0},"end":{"line":8,"column":41}},"7":{"start":{"line":11,"column":0},"end":{"line":11,"column":21}}},"fnMap":{},"branchMap":{},"s":{"0":3,"1":3,"2":3,"3":3,"4":3,"5":3,"6":3,"7":3},"f":{},"b":{},"_coverageSchema":"1a1c01bbd47fc00a2c39e90264f33305004495a9","hash":"0f688b9360e0c1a591a274c696c666dd8eca5b0c"}
,"/home/rino/Documents/hacktiv/p3/week4/eduica/server/routes/transaction.js": {"path":"/home/rino/Documents/hacktiv/p3/week4/eduica/server/routes/transaction.js","statementMap":{"0":{"start":{"line":1,"column":13},"end":{"line":1,"column":40}},"1":{"start":{"line":2,"column":30},"end":{"line":2,"column":77}},"2":{"start":{"line":3,"column":23},"end":{"line":3,"column":62}},"3":{"start":{"line":5,"column":0},"end":{"line":5,"column":59}},"4":{"start":{"line":7,"column":0},"end":{"line":7,"column":83}},"5":{"start":{"line":9,"column":0},"end":{"line":9,"column":21}}},"fnMap":{},"branchMap":{},"s":{"0":3,"1":3,"2":3,"3":3,"4":3,"5":3},"f":{},"b":{},"_coverageSchema":"1a1c01bbd47fc00a2c39e90264f33305004495a9","hash":"c4c9e82f224539b0513a1dcecbfd724f38a35808"}
}
